food_delivery/build/app/intermediates/manifest_merge_blame_file/debug/manifest-merger-blame-debug-report.txt
1<?xml version="1.0" encoding="utf-8"?>
2<manifest xmlns:android="http://schemas.android.com/apk/res/android"
3    package="com.dbestech.food_delivery"
4    android:versionCode="1"
5    android:versionName="1.0.0" >
6
7    <uses-sdk
8        android:minSdkVersion="19"
9        android:targetSdkVersion="31" />
10    <!--
11         Flutter needs it to communicate with the running application
12         to allow setting breakpoints, to provide hot reload, etc.
13    -->
14    <uses-permission android:name="android.permission.INTERNET" />
14-->src\debug\AndroidManifest.xml:6:5-66
14-->src\debug\AndroidManifest.xml:6:22-64
15    <uses-permission android:name="android.permission.ACCESS_NETWORK_STATE" />
15-->[com.google.firebase:firebase-auth:21.0.3] AndroidManifest.xml:24:5-79
15-->[com.google.firebase:firebase-auth:21.0.3] AndroidManifest.xml:24:22-76
16    <uses-permission android:name="android.permission.WAKE_LOCK" />
16-->[com.google.android.gms:play-services-measurement-api:20.1.2] AndroidManifest.xml:24:5-68
16-->[com.google.android.gms:play-services-measurement-api:20.1.2] AndroidManifest.xml:24:22-65
17    <uses-permission android:name="com.google.android.gms.permission.AD_ID" />
17-->[com.google.android.gms:play-services-measurement-api:20.1.2] AndroidManifest.xml:25:5-79
17-->[com.google.android.gms:play-services-measurement-api:20.1.2] AndroidManifest.xml:25:22-76
18    <uses-permission android:name="com.google.android.finsky.permission.BIND_GET_INSTALL_REFERRER_SERVICE" /> <!-- <uses-permission android:name="android.permission.INTERNET"/> -->
18-->[com.google.android.gms:play-services-measurement:20.1.2] AndroidManifest.xml:26:5-110
18-->[com.google.android.gms:play-services-measurement:20.1.2] AndroidManifest.xml:26:22-107
19    <application
19-->src\main\AndroidManifest.xml:4:4-41:19
20        android:appComponentFactory="androidx.core.app.CoreComponentFactory"
20-->[androidx.core:core:1.6.0] AndroidManifest.xml:24:18-86
21        android:debuggable="true"
22        android:icon="@mipmap/ic_launcher"
22-->src\main\AndroidManifest.xml:6:9-43
23        android:label="food_delivery" >
23-->src\main\AndroidManifest.xml:5:9-38
24        <activity
24-->src\main\AndroidManifest.xml:7:9-35:20
25            android:name="com.dbestech.food_delivery.MainActivity"
25-->src\main\AndroidManifest.xml:8:13-41
26            android:configChanges="orientation|keyboardHidden|keyboard|screenSize|smallestScreenSize|locale|layoutDirection|fontScale|screenLayout|density|uiMode"
26-->src\main\AndroidManifest.xml:11:13-163
27            android:hardwareAccelerated="true"
27-->src\main\AndroidManifest.xml:12:13-47
28            android:launchMode="singleTop"
28-->src\main\AndroidManifest.xml:9:13-43
29            android:theme="@style/LaunchTheme"
29-->src\main\AndroidManifest.xml:10:13-47
30            android:windowSoftInputMode="adjustResize" >
30-->src\main\AndroidManifest.xml:13:13-55
31
32            <!--
33                 Specifies an Android theme to apply to this Activity as soon as
34                 the Android process has started. This theme is visible to the user
35                 while the Flutter UI initializes. After that, this theme continues
36                 to determine the Window background behind the Flutter UI.
37            -->
38            <meta-data
38-->src\main\AndroidManifest.xml:18:13-21:17
39                android:name="io.flutter.embedding.android.NormalTheme"
39-->src\main\AndroidManifest.xml:19:15-70
40                android:resource="@style/NormalTheme" />
40-->src\main\AndroidManifest.xml:20:15-52
41            <!--
42                 Displays an Android View that continues showing the launch screen
43                 Drawable until Flutter paints its first frame, then this splash
44                 screen fades out. A splash screen is useful to avoid any visual
45                 gap between the end of Android's launch screen and the painting of
46                 Flutter's first frame.
47            -->
48            <meta-data
48-->src\main\AndroidManifest.xml:27:13-30:17
49                android:name="io.flutter.embedding.android.SplashScreenDrawable"
49-->src\main\AndroidManifest.xml:28:15-79
50                android:resource="@drawable/launch_background" />
50-->src\main\AndroidManifest.xml:29:15-61
51
52            <intent-filter>
52-->src\main\AndroidManifest.xml:31:13-34:29
53                <action android:name="android.intent.action.MAIN" />
53-->src\main\AndroidManifest.xml:32:17-68
53-->src\main\AndroidManifest.xml:32:25-66
54
55                <category android:name="android.intent.category.LAUNCHER" />
55-->src\main\AndroidManifest.xml:33:17-76
55-->src\main\AndroidManifest.xml:33:27-74
56            </intent-filter>
57        </activity>
58        <!--
59             Don't delete the meta-data below.
60             This is used by the Flutter tool to generate GeneratedPluginRegistrant.java
61        -->
62        <meta-data
62-->src\main\AndroidManifest.xml:38:9-40:33
63            android:name="flutterEmbedding"
63-->src\main\AndroidManifest.xml:39:13-44
64            android:value="2" />
64-->src\main\AndroidManifest.xml:40:13-30
65
66        <service
66-->[:firebase_auth] AndroidManifest.xml:8:9-12:19
67            android:name="com.google.firebase.components.ComponentDiscoveryService"
67-->[:firebase_auth] AndroidManifest.xml:8:18-89
68            android:directBootAware="true"
68-->[com.google.firebase:firebase-common:20.1.0] AndroidManifest.xml:35:13-43
69            android:exported="false" >
69-->[com.google.firebase:firebase-auth:21.0.3] AndroidManifest.xml:66:13-37
70            <meta-data
70-->[:firebase_auth] AndroidManifest.xml:9:13-11:85
71                android:name="com.google.firebase.components:io.flutter.plugins.firebase.auth.FlutterFirebaseAuthRegistrar"
71-->[:firebase_auth] AndroidManifest.xml:10:17-124
72                android:value="com.google.firebase.components.ComponentRegistrar" />
72-->[:firebase_auth] AndroidManifest.xml:11:17-82
73            <meta-data
73-->[:firebase_core] AndroidManifest.xml:9:13-11:85
74                android:name="com.google.firebase.components:io.flutter.plugins.firebase.core.FlutterFirebaseCoreRegistrar"
74-->[:firebase_core] AndroidManifest.xml:10:17-124
75                android:value="com.google.firebase.components.ComponentRegistrar" />
75-->[:firebase_core] AndroidManifest.xml:11:17-82
76            <meta-data
76-->[com.google.firebase:firebase-auth:21.0.3] AndroidManifest.xml:67:13-69:85
77                android:name="com.google.firebase.components:com.google.firebase.auth.FirebaseAuthRegistrar"
77-->[com.google.firebase:firebase-auth:21.0.3] AndroidManifest.xml:68:17-109
78                android:value="com.google.firebase.components.ComponentRegistrar" />
78-->[com.google.firebase:firebase-auth:21.0.3] AndroidManifest.xml:69:17-82
79            <meta-data
79-->[com.google.android.gms:play-services-measurement-api:20.1.2] AndroidManifest.xml:31:13-33:85
80                android:name="com.google.firebase.components:com.google.firebase.analytics.connector.internal.AnalyticsConnectorRegistrar"
80-->[com.google.android.gms:play-services-measurement-api:20.1.2] AndroidManifest.xml:32:17-139
81                android:value="com.google.firebase.components.ComponentRegistrar" />
81-->[com.google.android.gms:play-services-measurement-api:20.1.2] AndroidManifest.xml:33:17-82
82            <meta-data
82-->[com.google.firebase:firebase-installations:17.0.1] AndroidManifest.xml:18:13-20:85
83                android:name="com.google.firebase.components:com.google.firebase.installations.FirebaseInstallationsRegistrar"
83-->[com.google.firebase:firebase-installations:17.0.1] AndroidManifest.xml:19:17-127
84                android:value="com.google.firebase.components.ComponentRegistrar" />
84-->[com.google.firebase:firebase-installations:17.0.1] AndroidManifest.xml:20:17-82
85        </service>
86
87        <uses-library
87-->[androidx.window:window:1.0.0-beta04] AndroidManifest.xml:25:9-27:40
88            android:name="androidx.window.extensions"
88-->[androidx.window:window:1.0.0-beta04] AndroidManifest.xml:26:13-54
89            android:required="false" />
89-->[androidx.window:window:1.0.0-beta04] AndroidManifest.xml:27:13-37
90        <uses-library
90-->[androidx.window:window:1.0.0-beta04] AndroidManifest.xml:28:9-30:40
91            android:name="androidx.window.sidecar"
91-->[androidx.window:window:1.0.0-beta04] AndroidManifest.xml:29:13-51
92            android:required="false" />
92-->[androidx.window:window:1.0.0-beta04] AndroidManifest.xml:30:13-37
93
94        <activity
94-->[com.google.firebase:firebase-auth:21.0.3] AndroidManifest.xml:27:9-44:20
95            android:name="com.google.firebase.auth.internal.GenericIdpActivity"
95-->[com.google.firebase:firebase-auth:21.0.3] AndroidManifest.xml:28:13-80
96            android:excludeFromRecents="true"
96-->[com.google.firebase:firebase-auth:21.0.3] AndroidManifest.xml:29:13-46
97            android:exported="true"
97-->[com.google.firebase:firebase-auth:21.0.3] AndroidManifest.xml:30:13-36
98            android:launchMode="singleTask"
98-->[com.google.firebase:firebase-auth:21.0.3] AndroidManifest.xml:31:13-44
99            android:theme="@android:style/Theme.Translucent.NoTitleBar" >
99-->[com.google.firebase:firebase-auth:21.0.3] AndroidManifest.xml:32:13-72
100            <intent-filter>
100-->[com.google.firebase:firebase-auth:21.0.3] AndroidManifest.xml:33:13-43:29
101                <action android:name="android.intent.action.VIEW" />
101-->[com.google.firebase:firebase-auth:21.0.3] AndroidManifest.xml:34:17-69
101-->[com.google.firebase:firebase-auth:21.0.3] AndroidManifest.xml:34:25-66
102
103                <category android:name="android.intent.category.DEFAULT" />
103-->[com.google.firebase:firebase-auth:21.0.3] AndroidManifest.xml:36:17-76
103-->[com.google.firebase:firebase-auth:21.0.3] AndroidManifest.xml:36:27-73
104                <category android:name="android.intent.category.BROWSABLE" />
104-->[com.google.firebase:firebase-auth:21.0.3] AndroidManifest.xml:37:17-78
104-->[com.google.firebase:firebase-auth:21.0.3] AndroidManifest.xml:37:27-75
105
106                <data
106-->[com.google.firebase:firebase-auth:21.0.3] AndroidManifest.xml:39:17-42:51
107                    android:host="firebase.auth"
107-->[com.google.firebase:firebase-auth:21.0.3] AndroidManifest.xml:40:21-49
108                    android:path="/"
108-->[com.google.firebase:firebase-auth:21.0.3] AndroidManifest.xml:41:21-37
109                    android:scheme="genericidp" />
109-->[com.google.firebase:firebase-auth:21.0.3] AndroidManifest.xml:42:21-48
110            </intent-filter>
111        </activity>
112        <activity
112-->[com.google.firebase:firebase-auth:21.0.3] AndroidManifest.xml:45:9-62:20
113            android:name="com.google.firebase.auth.internal.RecaptchaActivity"
113-->[com.google.firebase:firebase-auth:21.0.3] AndroidManifest.xml:46:13-79
114            android:excludeFromRecents="true"
114-->[com.google.firebase:firebase-auth:21.0.3] AndroidManifest.xml:47:13-46
115            android:exported="true"
115-->[com.google.firebase:firebase-auth:21.0.3] AndroidManifest.xml:48:13-36
116            android:launchMode="singleTask"
116-->[com.google.firebase:firebase-auth:21.0.3] AndroidManifest.xml:49:13-44
117            android:theme="@android:style/Theme.Translucent.NoTitleBar" >
117-->[com.google.firebase:firebase-auth:21.0.3] AndroidManifest.xml:50:13-72
118            <intent-filter>
118-->[com.google.firebase:firebase-auth:21.0.3] AndroidManifest.xml:51:13-61:29
119                <action android:name="android.intent.action.VIEW" />
119-->[com.google.firebase:firebase-auth:21.0.3] AndroidManifest.xml:34:17-69
119-->[com.google.firebase:firebase-auth:21.0.3] AndroidManifest.xml:34:25-66
120
121                <category android:name="android.intent.category.DEFAULT" />
121-->[com.google.firebase:firebase-auth:21.0.3] AndroidManifest.xml:36:17-76
121-->[com.google.firebase:firebase-auth:21.0.3] AndroidManifest.xml:36:27-73
122                <category android:name="android.intent.category.BROWSABLE" />
122-->[com.google.firebase:firebase-auth:21.0.3] AndroidManifest.xml:37:17-78
122-->[com.google.firebase:firebase-auth:21.0.3] AndroidManifest.xml:37:27-75
123
124                <data
124-->[com.google.firebase:firebase-auth:21.0.3] AndroidManifest.xml:39:17-42:51
125                    android:host="firebase.auth"
125-->[com.google.firebase:firebase-auth:21.0.3] AndroidManifest.xml:40:21-49
126                    android:path="/"
126-->[com.google.firebase:firebase-auth:21.0.3] AndroidManifest.xml:41:21-37
127                    android:scheme="recaptcha" />
127-->[com.google.firebase:firebase-auth:21.0.3] AndroidManifest.xml:42:21-48
128            </intent-filter>
129        </activity>
130
131        <provider
131-->[com.google.firebase:firebase-common:20.1.0] AndroidManifest.xml:26:9-31:39
132            android:name="com.google.firebase.provider.FirebaseInitProvider"
132-->[com.google.firebase:firebase-common:20.1.0] AndroidManifest.xml:27:13-77
133            android:authorities="com.dbestech.food_delivery.firebaseinitprovider"
133-->[com.google.firebase:firebase-common:20.1.0] AndroidManifest.xml:28:13-72
134            android:directBootAware="true"
134-->[com.google.firebase:firebase-common:20.1.0] AndroidManifest.xml:29:13-43
135            android:exported="false"
135-->[com.google.firebase:firebase-common:20.1.0] AndroidManifest.xml:30:13-37
136            android:initOrder="100" />
136-->[com.google.firebase:firebase-common:20.1.0] AndroidManifest.xml:31:13-36
137
138        <receiver
138-->[com.google.android.gms:play-services-measurement:20.1.2] AndroidManifest.xml:29:9-33:20
139            android:name="com.google.android.gms.measurement.AppMeasurementReceiver"
139-->[com.google.android.gms:play-services-measurement:20.1.2] AndroidManifest.xml:30:13-85
140            android:enabled="true"
140-->[com.google.android.gms:play-services-measurement:20.1.2] AndroidManifest.xml:31:13-35
141            android:exported="false" >
141-->[com.google.android.gms:play-services-measurement:20.1.2] AndroidManifest.xml:32:13-37
142        </receiver>
143
144        <service
144-->[com.google.android.gms:play-services-measurement:20.1.2] AndroidManifest.xml:35:9-38:40
145            android:name="com.google.android.gms.measurement.AppMeasurementService"
145-->[com.google.android.gms:play-services-measurement:20.1.2] AndroidManifest.xml:36:13-84
146            android:enabled="true"
146-->[com.google.android.gms:play-services-measurement:20.1.2] AndroidManifest.xml:37:13-35
147            android:exported="false" />
147-->[com.google.android.gms:play-services-measurement:20.1.2] AndroidManifest.xml:38:13-37
148        <service
148-->[com.google.android.gms:play-services-measurement:20.1.2] AndroidManifest.xml:39:9-43:72
149            android:name="com.google.android.gms.measurement.AppMeasurementJobService"
149-->[com.google.android.gms:play-services-measurement:20.1.2] AndroidManifest.xml:40:13-87
150            android:enabled="true"
150-->[com.google.android.gms:play-services-measurement:20.1.2] AndroidManifest.xml:41:13-35
151            android:exported="false"
151-->[com.google.android.gms:play-services-measurement:20.1.2] AndroidManifest.xml:42:13-37
152            android:permission="android.permission.BIND_JOB_SERVICE" />
152-->[com.google.android.gms:play-services-measurement:20.1.2] AndroidManifest.xml:43:13-69
153
154        <activity
154-->[com.google.android.gms:play-services-base:17.1.0] AndroidManifest.xml:23:9-26:75
155            android:name="com.google.android.gms.common.api.GoogleApiActivity"
155-->[com.google.android.gms:play-services-base:17.1.0] AndroidManifest.xml:24:13-79
156            android:exported="false"
156-->[com.google.android.gms:play-services-base:17.1.0] AndroidManifest.xml:25:13-37
157            android:theme="@android:style/Theme.Translucent.NoTitleBar" />
157-->[com.google.android.gms:play-services-base:17.1.0] AndroidManifest.xml:26:13-72
158
159        <meta-data
159-->[com.google.android.gms:play-services-basement:18.0.0] AndroidManifest.xml:21:9-23:69
160            android:name="com.google.android.gms.version"
160-->[com.google.android.gms:play-services-basement:18.0.0] AndroidManifest.xml:22:13-58
161            android:value="@integer/google_play_services_version" />
161-->[com.google.android.gms:play-services-basement:18.0.0] AndroidManifest.xml:23:13-66
162    </application>
163
164</manifest>